d:\github\shellshockliveruler\exshellshockruler\debug\vc142.pdb
d:\github\shellshockliveruler\exshellshockruler\debug\vc142.idb
d:\github\shellshockliveruler\exshellshockruler\debug\windindicator.obj
d:\github\shellshockliveruler\exshellshockruler\debug\weaponselector.obj
d:\github\shellshockliveruler\exshellshockruler\debug\vector2.obj
d:\github\shellshockliveruler\exshellshockruler\debug\terrain.obj
d:\github\shellshockliveruler\exshellshockruler\debug\segment.obj
d:\github\shellshockliveruler\exshellshockruler\debug\projectile.obj
d:\github\shellshockliveruler\exshellshockruler\debug\polylinecollider2d.obj
d:\github\shellshockliveruler\exshellshockruler\debug\point2.obj
d:\github\shellshockliveruler\exshellshockruler\debug\game.obj
d:\github\shellshockliveruler\exshellshockruler\debug\player.obj
d:\github\shellshockliveruler\exshellshockruler\debug\overlay.obj
d:\github\shellshockliveruler\exshellshockruler\debug\memory.obj
d:\github\shellshockliveruler\exshellshockruler\debug\main.obj
d:\github\shellshockliveruler\exshellshockruler\debug\linecollider 2d.obj
d:\github\shellshockliveruler\exshellshockruler\debug\collisionmatrix.obj
d:\github\shellshockliveruler\exshellshockruler\debug\aimer.obj
d:\github\shellshockliveruler\exshellshockruler\debug\exshellshockdigitalruler.ilk
d:\github\shellshockliveruler\exshellshockruler\debug\exshellshockdigitalruler.exe
d:\github\shellshockliveruler\exshellshockruler\debug\exshellshockdigitalruler.pdb
d:\github\shellshockliveruler\exshellshockruler\debug\exshells.f428d466.tlog\cl.command.1.tlog
d:\github\shellshockliveruler\exshellshockruler\debug\exshells.f428d466.tlog\cl.read.1.tlog
d:\github\shellshockliveruler\exshellshockruler\debug\exshells.f428d466.tlog\cl.write.1.tlog
d:\github\shellshockliveruler\exshellshockruler\debug\exshells.f428d466.tlog\link.command.1.tlog
d:\github\shellshockliveruler\exshellshockruler\debug\exshells.f428d466.tlog\link.read.1.tlog
d:\github\shellshockliveruler\exshellshockruler\debug\exshells.f428d466.tlog\link.write.1.tlog
